<?xml version="1.0" encoding="UTF-8"?>
<testng-results ignored="0" total="2" passed="2" failed="0" skipped="0">
  <reporter-output>
  </reporter-output>
  <suite started-at="2024-01-31T01:42:50 EST" name="Suite" finished-at="2024-01-31T01:43:01 EST" duration-ms="11013">
    <groups>
    </groups>
    <test started-at="2024-01-31T01:42:50 EST" name="Test" finished-at="2024-01-31T01:43:01 EST" duration-ms="11013">
      <class name="facebook.LoginTest1">
        <test-method signature="login()[pri:0, instance:facebook.LoginTest1@3ee37e5a]" started-at="2024-01-31T01:42:50 EST" name="login" finished-at="2024-01-31T01:43:01 EST" duration-ms="10976" status="PASS">
          <reporter-output>
          </reporter-output>
        </test-method> <!-- login -->
        <test-method signature="name()[pri:0, instance:facebook.LoginTest1@3ee37e5a]" started-at="2024-01-31T01:43:01 EST" name="name" finished-at="2024-01-31T01:43:01 EST" duration-ms="1" status="PASS">
          <reporter-output>
          </reporter-output>
        </test-method> <!-- name -->
      </class> <!-- facebook.LoginTest1 -->
    </test> <!-- Test -->
  </suite> <!-- Suite -->
</testng-results>
